I, [2019-06-30T08:25:51.922734 #2605]  INFO -- default-rhel-76: -----> Cleaning up any prior instances of <default-rhel-76>
I, [2019-06-30T08:25:51.923952 #2605]  INFO -- default-rhel-76: -----> Destroying <default-rhel-76>...
I, [2019-06-30T08:25:51.924659 #2605]  INFO -- default-rhel-76: Finished destroying <default-rhel-76> (0m0.00s).
I, [2019-06-30T08:25:51.925219 #2605]  INFO -- default-rhel-76: -----> Testing <default-rhel-76>
I, [2019-06-30T08:25:51.925319 #2605]  INFO -- default-rhel-76: -----> Creating <default-rhel-76>...
I, [2019-06-30T08:25:52.017426 #2605]  INFO -- default-rhel-76: Sending build context to Docker daemon  88.06kB
I, [2019-06-30T08:25:52.526943 #2605]  INFO -- default-rhel-76: Step 1/18 : FROM rhel:76
I, [2019-06-30T08:25:53.441527 #2605]  INFO -- default-rhel-76: pull access denied for rhel, repository does not exist or may require 'docker login'
E, [2019-06-30T08:25:53.454548 #2605] ERROR -- default-rhel-76: Create failed on instance <default-rhel-76>.
E, [2019-06-30T08:25:53.454678 #2605] ERROR -- default-rhel-76: ------Exception-------
E, [2019-06-30T08:25:53.454702 #2605] ERROR -- default-rhel-76: Class: Kitchen::ShellOut::ShellCommandFailed
E, [2019-06-30T08:25:53.454714 #2605] ERROR -- default-rhel-76: Message: Expected process to exit with [0], but received '1'
---- Begin output of docker -H unix:///var/run/docker.sock build -f Dockerfile-kitchen20190630-2605-giwfv8 . ----
STDOUT: Sending build context to Docker daemon  88.06kB
Step 1/18 : FROM rhel:76
STDERR: pull access denied for rhel, repository does not exist or may require 'docker login'
---- End output of docker -H unix:///var/run/docker.sock build -f Dockerfile-kitchen20190630-2605-giwfv8 . ----
Ran docker -H unix:///var/run/docker.sock build -f Dockerfile-kitchen20190630-2605-giwfv8 . returned 1
E, [2019-06-30T08:25:53.454724 #2605] ERROR -- default-rhel-76: ----------------------
E, [2019-06-30T08:25:53.454734 #2605] ERROR -- default-rhel-76: ------Backtrace-------
E, [2019-06-30T08:25:53.454742 #2605] ERROR -- default-rhel-76: /opt/chefdk/embedded/lib/ruby/gems/2.6.0/gems/test-kitchen-2.2.5/lib/kitchen/shell_out.rb:71:in `rescue in run_command'
E, [2019-06-30T08:25:53.454751 #2605] ERROR -- default-rhel-76: /opt/chefdk/embedded/lib/ruby/gems/2.6.0/gems/test-kitchen-2.2.5/lib/kitchen/shell_out.rb:58:in `run_command'
E, [2019-06-30T08:25:53.454760 #2605] ERROR -- default-rhel-76: /root/.chefdk/gem/ruby/2.6.0/gems/kitchen-docker-2.9.0/lib/kitchen/driver/docker.rb:163:in `docker_command'
E, [2019-06-30T08:25:53.454768 #2605] ERROR -- default-rhel-76: /root/.chefdk/gem/ruby/2.6.0/gems/kitchen-docker-2.9.0/lib/kitchen/driver/docker.rb:330:in `build_image'
E, [2019-06-30T08:25:53.454777 #2605] ERROR -- default-rhel-76: /root/.chefdk/gem/ruby/2.6.0/gems/kitchen-docker-2.9.0/lib/kitchen/driver/docker.rb:122:in `create'
E, [2019-06-30T08:25:53.454790 #2605] ERROR -- default-rhel-76: /opt/chefdk/embedded/lib/ruby/gems/2.6.0/gems/test-kitchen-2.2.5/lib/kitchen/instance.rb:485:in `public_send'
E, [2019-06-30T08:25:53.454799 #2605] ERROR -- default-rhel-76: /opt/chefdk/embedded/lib/ruby/gems/2.6.0/gems/test-kitchen-2.2.5/lib/kitchen/instance.rb:485:in `block in perform_action'
E, [2019-06-30T08:25:53.454808 #2605] ERROR -- default-rhel-76: /opt/chefdk/embedded/lib/ruby/gems/2.6.0/gems/test-kitchen-2.2.5/lib/kitchen/instance.rb:552:in `synchronize_or_call'
E, [2019-06-30T08:25:53.454817 #2605] ERROR -- default-rhel-76: /opt/chefdk/embedded/lib/ruby/gems/2.6.0/gems/test-kitchen-2.2.5/lib/kitchen/instance.rb:514:in `block in action'
E, [2019-06-30T08:25:53.454825 #2605] ERROR -- default-rhel-76: /opt/chefdk/embedded/lib/ruby/2.6.0/benchmark.rb:293:in `measure'
E, [2019-06-30T08:25:53.454834 #2605] ERROR -- default-rhel-76: /opt/chefdk/embedded/lib/ruby/gems/2.6.0/gems/test-kitchen-2.2.5/lib/kitchen/instance.rb:513:in `action'
E, [2019-06-30T08:25:53.454842 #2605] ERROR -- default-rhel-76: /opt/chefdk/embedded/lib/ruby/gems/2.6.0/gems/test-kitchen-2.2.5/lib/kitchen/instance.rb:485:in `perform_action'
E, [2019-06-30T08:25:53.454851 #2605] ERROR -- default-rhel-76: /opt/chefdk/embedded/lib/ruby/gems/2.6.0/gems/test-kitchen-2.2.5/lib/kitchen/instance.rb:394:in `create_action'
E, [2019-06-30T08:25:53.454868 #2605] ERROR -- default-rhel-76: /opt/chefdk/embedded/lib/ruby/gems/2.6.0/gems/test-kitchen-2.2.5/lib/kitchen/instance.rb:382:in `block (2 levels) in transition_to'
E, [2019-06-30T08:25:53.454878 #2605] ERROR -- default-rhel-76: /opt/chefdk/embedded/lib/ruby/gems/2.6.0/gems/test-kitchen-2.2.5/lib/kitchen/lifecycle_hooks.rb:45:in `run_with_hooks'
E, [2019-06-30T08:25:53.454892 #2605] ERROR -- default-rhel-76: /opt/chefdk/embedded/lib/ruby/gems/2.6.0/gems/test-kitchen-2.2.5/lib/kitchen/instance.rb:381:in `block in transition_to'
E, [2019-06-30T08:25:53.454901 #2605] ERROR -- default-rhel-76: /opt/chefdk/embedded/lib/ruby/gems/2.6.0/gems/test-kitchen-2.2.5/lib/kitchen/instance.rb:380:in `each'
E, [2019-06-30T08:25:53.454910 #2605] ERROR -- default-rhel-76: /opt/chefdk/embedded/lib/ruby/gems/2.6.0/gems/test-kitchen-2.2.5/lib/kitchen/instance.rb:380:in `transition_to'
E, [2019-06-30T08:25:53.454919 #2605] ERROR -- default-rhel-76: /opt/chefdk/embedded/lib/ruby/gems/2.6.0/gems/test-kitchen-2.2.5/lib/kitchen/instance.rb:162:in `verify'
E, [2019-06-30T08:25:53.454927 #2605] ERROR -- default-rhel-76: /opt/chefdk/embedded/lib/ruby/gems/2.6.0/gems/test-kitchen-2.2.5/lib/kitchen/instance.rb:191:in `block in test'
E, [2019-06-30T08:25:53.454936 #2605] ERROR -- default-rhel-76: /opt/chefdk/embedded/lib/ruby/2.6.0/benchmark.rb:293:in `measure'
E, [2019-06-30T08:25:53.454945 #2605] ERROR -- default-rhel-76: /opt/chefdk/embedded/lib/ruby/gems/2.6.0/gems/test-kitchen-2.2.5/lib/kitchen/instance.rb:187:in `test'
E, [2019-06-30T08:25:53.454954 #2605] ERROR -- default-rhel-76: /opt/chefdk/embedded/lib/ruby/gems/2.6.0/gems/test-kitchen-2.2.5/lib/kitchen/command.rb:197:in `public_send'
E, [2019-06-30T08:25:53.454962 #2605] ERROR -- default-rhel-76: /opt/chefdk/embedded/lib/ruby/gems/2.6.0/gems/test-kitchen-2.2.5/lib/kitchen/command.rb:197:in `run_action_in_thread'
E, [2019-06-30T08:25:53.454975 #2605] ERROR -- default-rhel-76: /opt/chefdk/embedded/lib/ruby/gems/2.6.0/gems/test-kitchen-2.2.5/lib/kitchen/command.rb:169:in `block (2 levels) in run_action'
E, [2019-06-30T08:25:53.454985 #2605] ERROR -- default-rhel-76: /opt/chefdk/embedded/lib/ruby/gems/2.6.0/gems/logging-2.2.2/lib/logging/diagnostic_context.rb:474:in `block in create_with_logging_context'
E, [2019-06-30T08:25:53.454993 #2605] ERROR -- default-rhel-76: ----End Backtrace-----
E, [2019-06-30T08:25:53.455002 #2605] ERROR -- default-rhel-76: ---Nested Exception---
E, [2019-06-30T08:25:53.455011 #2605] ERROR -- default-rhel-76: Class: Mixlib::ShellOut::ShellCommandFailed
E, [2019-06-30T08:25:53.455019 #2605] ERROR -- default-rhel-76: Message: Expected process to exit with [0], but received '1'
---- Begin output of docker -H unix:///var/run/docker.sock build -f Dockerfile-kitchen20190630-2605-giwfv8 . ----
STDOUT: Sending build context to Docker daemon  88.06kB
Step 1/18 : FROM rhel:76
STDERR: pull access denied for rhel, repository does not exist or may require 'docker login'
---- End output of docker -H unix:///var/run/docker.sock build -f Dockerfile-kitchen20190630-2605-giwfv8 . ----
Ran docker -H unix:///var/run/docker.sock build -f Dockerfile-kitchen20190630-2605-giwfv8 . returned 1
E, [2019-06-30T08:25:53.455028 #2605] ERROR -- default-rhel-76: ----------------------
E, [2019-06-30T08:25:53.455037 #2605] ERROR -- default-rhel-76: ------Backtrace-------
E, [2019-06-30T08:25:53.455045 #2605] ERROR -- default-rhel-76: /opt/chefdk/embedded/lib/ruby/gems/2.6.0/gems/test-kitchen-2.2.5/lib/kitchen/shell_out.rb:71:in `rescue in run_command'
E, [2019-06-30T08:25:53.455058 #2605] ERROR -- default-rhel-76: /opt/chefdk/embedded/lib/ruby/gems/2.6.0/gems/test-kitchen-2.2.5/lib/kitchen/shell_out.rb:58:in `run_command'
E, [2019-06-30T08:25:53.455067 #2605] ERROR -- default-rhel-76: /root/.chefdk/gem/ruby/2.6.0/gems/kitchen-docker-2.9.0/lib/kitchen/driver/docker.rb:163:in `docker_command'
E, [2019-06-30T08:25:53.455076 #2605] ERROR -- default-rhel-76: /root/.chefdk/gem/ruby/2.6.0/gems/kitchen-docker-2.9.0/lib/kitchen/driver/docker.rb:330:in `build_image'
E, [2019-06-30T08:25:53.455088 #2605] ERROR -- default-rhel-76: /root/.chefdk/gem/ruby/2.6.0/gems/kitchen-docker-2.9.0/lib/kitchen/driver/docker.rb:122:in `create'
E, [2019-06-30T08:25:53.455097 #2605] ERROR -- default-rhel-76: /opt/chefdk/embedded/lib/ruby/gems/2.6.0/gems/test-kitchen-2.2.5/lib/kitchen/instance.rb:485:in `public_send'
E, [2019-06-30T08:25:53.455106 #2605] ERROR -- default-rhel-76: /opt/chefdk/embedded/lib/ruby/gems/2.6.0/gems/test-kitchen-2.2.5/lib/kitchen/instance.rb:485:in `block in perform_action'
E, [2019-06-30T08:25:53.455114 #2605] ERROR -- default-rhel-76: /opt/chefdk/embedded/lib/ruby/gems/2.6.0/gems/test-kitchen-2.2.5/lib/kitchen/instance.rb:552:in `synchronize_or_call'
E, [2019-06-30T08:25:53.455122 #2605] ERROR -- default-rhel-76: /opt/chefdk/embedded/lib/ruby/gems/2.6.0/gems/test-kitchen-2.2.5/lib/kitchen/instance.rb:514:in `block in action'
E, [2019-06-30T08:25:53.455131 #2605] ERROR -- default-rhel-76: /opt/chefdk/embedded/lib/ruby/2.6.0/benchmark.rb:293:in `measure'
E, [2019-06-30T08:25:53.455143 #2605] ERROR -- default-rhel-76: /opt/chefdk/embedded/lib/ruby/gems/2.6.0/gems/test-kitchen-2.2.5/lib/kitchen/instance.rb:513:in `action'
E, [2019-06-30T08:25:53.455156 #2605] ERROR -- default-rhel-76: /opt/chefdk/embedded/lib/ruby/gems/2.6.0/gems/test-kitchen-2.2.5/lib/kitchen/instance.rb:485:in `perform_action'
E, [2019-06-30T08:25:53.455165 #2605] ERROR -- default-rhel-76: /opt/chefdk/embedded/lib/ruby/gems/2.6.0/gems/test-kitchen-2.2.5/lib/kitchen/instance.rb:394:in `create_action'
E, [2019-06-30T08:25:53.455174 #2605] ERROR -- default-rhel-76: /opt/chefdk/embedded/lib/ruby/gems/2.6.0/gems/test-kitchen-2.2.5/lib/kitchen/instance.rb:382:in `block (2 levels) in transition_to'
E, [2019-06-30T08:25:53.455182 #2605] ERROR -- default-rhel-76: /opt/chefdk/embedded/lib/ruby/gems/2.6.0/gems/test-kitchen-2.2.5/lib/kitchen/lifecycle_hooks.rb:45:in `run_with_hooks'
E, [2019-06-30T08:25:53.455191 #2605] ERROR -- default-rhel-76: /opt/chefdk/embedded/lib/ruby/gems/2.6.0/gems/test-kitchen-2.2.5/lib/kitchen/instance.rb:381:in `block in transition_to'
E, [2019-06-30T08:25:53.455199 #2605] ERROR -- default-rhel-76: /opt/chefdk/embedded/lib/ruby/gems/2.6.0/gems/test-kitchen-2.2.5/lib/kitchen/instance.rb:380:in `each'
E, [2019-06-30T08:25:53.455208 #2605] ERROR -- default-rhel-76: /opt/chefdk/embedded/lib/ruby/gems/2.6.0/gems/test-kitchen-2.2.5/lib/kitchen/instance.rb:380:in `transition_to'
E, [2019-06-30T08:25:53.455216 #2605] ERROR -- default-rhel-76: /opt/chefdk/embedded/lib/ruby/gems/2.6.0/gems/test-kitchen-2.2.5/lib/kitchen/instance.rb:162:in `verify'
E, [2019-06-30T08:25:53.455225 #2605] ERROR -- default-rhel-76: /opt/chefdk/embedded/lib/ruby/gems/2.6.0/gems/test-kitchen-2.2.5/lib/kitchen/instance.rb:191:in `block in test'
E, [2019-06-30T08:25:53.455237 #2605] ERROR -- default-rhel-76: /opt/chefdk/embedded/lib/ruby/2.6.0/benchmark.rb:293:in `measure'
E, [2019-06-30T08:25:53.455286 #2605] ERROR -- default-rhel-76: /opt/chefdk/embedded/lib/ruby/gems/2.6.0/gems/test-kitchen-2.2.5/lib/kitchen/instance.rb:187:in `test'
E, [2019-06-30T08:25:53.455305 #2605] ERROR -- default-rhel-76: /opt/chefdk/embedded/lib/ruby/gems/2.6.0/gems/test-kitchen-2.2.5/lib/kitchen/command.rb:197:in `public_send'
E, [2019-06-30T08:25:53.455315 #2605] ERROR -- default-rhel-76: /opt/chefdk/embedded/lib/ruby/gems/2.6.0/gems/test-kitchen-2.2.5/lib/kitchen/command.rb:197:in `run_action_in_thread'
E, [2019-06-30T08:25:53.455323 #2605] ERROR -- default-rhel-76: /opt/chefdk/embedded/lib/ruby/gems/2.6.0/gems/test-kitchen-2.2.5/lib/kitchen/command.rb:169:in `block (2 levels) in run_action'
E, [2019-06-30T08:25:53.455334 #2605] ERROR -- default-rhel-76: /opt/chefdk/embedded/lib/ruby/gems/2.6.0/gems/logging-2.2.2/lib/logging/diagnostic_context.rb:474:in `block in create_with_logging_context'
E, [2019-06-30T08:25:53.455342 #2605] ERROR -- default-rhel-76: ----End Backtrace-----
